<?xml version="1.0" encoding="UTF-8"?>
<testng-results skipped="0" failed="0" total="2" passed="2">
  <reporter-output>
    <line>
      <![CDATA[method1]]>
    </line>
    <line>
      <![CDATA[method2]]>
    </line>
  </reporter-output>
  <suite name="Suite" duration-ms="195" started-at="2017-09-20T06:35:29Z" finished-at="2017-09-20T06:35:29Z">
    <groups>
    </groups>
    <test name="Test" duration-ms="195" started-at="2017-09-20T06:35:29Z" finished-at="2017-09-20T06:35:29Z">
      <class name="TestNG.NewTest">
        <test-method status="PASS" signature="beforeClass()[pri:0, instance:TestNG.NewTest@9d9c55]" name="beforeClass" is-config="true" duration-ms="111" started-at="2017-09-20T12:05:29Z" finished-at="2017-09-20T12:05:29Z">
          <reporter-output>
          </reporter-output>
        </test-method> <!-- beforeClass -->
        <test-method status="PASS" signature="method1()[pri:0, instance:TestNG.NewTest@9d9c55]" name="method1" duration-ms="19" started-at="2017-09-20T12:05:29Z" finished-at="2017-09-20T12:05:29Z">
          <reporter-output>
            <line>
              <![CDATA[method1]]>
            </line>
          </reporter-output>
        </test-method> <!-- method1 -->
        <test-method status="PASS" signature="method2()[pri:0, instance:TestNG.NewTest@9d9c55]" name="method2" duration-ms="2" started-at="2017-09-20T12:05:29Z" finished-at="2017-09-20T12:05:29Z">
          <reporter-output>
            <line>
              <![CDATA[method2]]>
            </line>
          </reporter-output>
        </test-method> <!-- method2 -->
        <test-method status="PASS" signature="afterClass()[pri:0, instance:TestNG.NewTest@9d9c55]" name="afterClass" is-config="true" duration-ms="0" started-at="2017-09-20T12:05:29Z" finished-at="2017-09-20T12:05:29Z">
          <reporter-output>
          </reporter-output>
        </test-method> <!-- afterClass -->
      </class> <!-- TestNG.NewTest -->
    </test> <!-- Test -->
  </suite> <!-- Suite -->
</testng-results>
