<?xml version="1.0" encoding="UTF-8"?>
<testng-results skipped="0" failed="0" total="2" passed="2">
  <reporter-output>
  </reporter-output>
  <suite name="HRM Automation" duration-ms="32426" started-at="2017-02-28T06:31:10Z" finished-at="2017-02-28T06:31:42Z">
    <groups>
    </groups>
    <test name="TestScripts" duration-ms="32426" started-at="2017-02-28T06:31:10Z" finished-at="2017-02-28T06:31:42Z">
      <class name="TestScripts.Tc1_Login">
        <test-method status="PASS" signature="verifyOrangeHRM()[pri:0, instance:TestScripts.Tc1_Login@4edc67]" name="verifyOrangeHRM" duration-ms="11250" started-at="2017-02-28T12:01:10Z" finished-at="2017-02-28T12:01:21Z">
          <reporter-output>
          </reporter-output>
        </test-method> <!-- verifyOrangeHRM -->
      </class> <!-- TestScripts.Tc1_Login -->
      <class name="TestScripts.TC2_AddEmp">
        <test-method status="PASS" signature="AddEmployee()[pri:0, instance:TestScripts.TC2_AddEmp@18355a8]" name="AddEmployee" duration-ms="21160" started-at="2017-02-28T12:01:21Z" finished-at="2017-02-28T12:01:42Z">
          <reporter-output>
          </reporter-output>
        </test-method> <!-- AddEmployee -->
      </class> <!-- TestScripts.TC2_AddEmp -->
    </test> <!-- TestScripts -->
  </suite> <!-- HRM Automation -->
</testng-results>
